-- The C compiler identification is GNU 11.4.0
-- The CXX compiler identification is GNU 11.4.0
-- Detecting C compiler ABI info
-- Detecting C compiler ABI info - done
-- Check for working C compiler: /usr/bin/cc - skipped
-- Detecting C compile features
-- Detecting C compile features - done
-- Detecting CXX compiler ABI info
-- Detecting CXX compiler ABI info - done
-- Check for working CXX compiler: /usr/bin/c++ - skipped
-- Detecting CXX compile features
-- Detecting CXX compile features - done
-- Found ament_cmake: 1.3.8 (/opt/ros/humble/share/ament_cmake/cmake)
-- Found Python3: /usr/bin/python3 (found version "3.10.12") found components: Interpreter 
-- Override CMake install command with custom implementation using symlinks instead of copying resources
-- Found rosidl_default_generators: 1.2.0 (/opt/ros/humble/share/rosidl_default_generators/cmake)
-- Using all available rosidl_typesupport_c: rosidl_typesupport_fastrtps_c;rosidl_typesupport_introspection_c
-- Found rosidl_adapter: 3.1.5 (/opt/ros/humble/share/rosidl_adapter/cmake)
-- Using all available rosidl_typesupport_cpp: rosidl_typesupport_fastrtps_cpp;rosidl_typesupport_introspection_cpp
-- Found ament_cmake_ros: 0.10.0 (/opt/ros/humble/share/ament_cmake_ros/cmake)
-- Using all available rosidl_typesupport_c: rosidl_typesupport_fastrtps_c;rosidl_typesupport_introspection_c
-- Using all available rosidl_typesupport_cpp: rosidl_typesupport_fastrtps_cpp;rosidl_typesupport_introspection_cpp
-- Found PythonInterp: /usr/bin/python3 (found suitable version "3.10.12", minimum required is "3.6") 
-- Found python_cmake_module: 0.10.0 (/opt/ros/humble/share/python_cmake_module/cmake)
-- Found PythonLibs: /usr/lib/x86_64-linux-gnu/libpython3.10.so (found suitable version "3.10.12", minimum required is "3.5") 
-- Using PYTHON_EXECUTABLE: /usr/bin/python3
-- Using PYTHON_INCLUDE_DIRS: /usr/include/python3.10
-- Using PYTHON_LIBRARIES: /usr/lib/x86_64-linux-gnu/libpython3.10.so
-- Found PythonExtra: .so  
-- Found ament_lint_auto: 0.12.10 (/opt/ros/humble/share/ament_lint_auto/cmake)
-- Added test 'lint_cmake' to check CMake code style
-- Added test 'xmllint' to check XML markup files
-- Configuring done
-- Generating done
-- Build files have been written to: /home/dj/MREN203/mren203-ws/build/steve_msgs
[  2%] [34m[1mGenerating C code for ROS interfaces[0m
[  4%] [34m[1mGenerating C++ code for ROS interfaces[0m
[  4%] Built target ament_cmake_python_symlink_steve_msgs
running egg_info
creating steve_msgs.egg-info
writing steve_msgs.egg-info/PKG-INFO
writing dependency_links to steve_msgs.egg-info/dependency_links.txt
writing top-level names to steve_msgs.egg-info/top_level.txt
writing manifest file 'steve_msgs.egg-info/SOURCES.txt'
reading manifest file 'steve_msgs.egg-info/SOURCES.txt'
writing manifest file 'steve_msgs.egg-info/SOURCES.txt'
[  4%] Built target ament_cmake_python_build_steve_msgs_egg
[  4%] Built target steve_msgs__cpp
[  8%] [34m[1mGenerating C++ type support for eProsima Fast-RTPS[0m
[  8%] [34m[1mGenerating C++ introspection for ROS interfaces[0m
[ 10%] [34m[1mGenerating C++ type support dispatch for ROS interfaces[0m
[ 14%] [32mBuilding C object CMakeFiles/steve_msgs__rosidl_generator_c.dir/rosidl_generator_c/steve_msgs/msg/detail/sensor_data__functions.c.o[0m
[ 14%] [32mBuilding C object CMakeFiles/steve_msgs__rosidl_generator_c.dir/rosidl_generator_c/steve_msgs/msg/detail/control_ui__functions.c.o[0m
[ 17%] [32mBuilding C object CMakeFiles/steve_msgs__rosidl_generator_c.dir/rosidl_generator_c/steve_msgs/msg/detail/set_points__functions.c.o[0m
In file included from [01m[K/home/dj/MREN203/mren203-ws/build/steve_msgs/rosidl_generator_c/steve_msgs/msg/detail/set_points__functions.h:19[m[K,
                 from [01m[K/home/dj/MREN203/mren203-ws/build/steve_msgs/rosidl_generator_c/steve_msgs/msg/detail/set_points__functions.c:4[m[K:
[01m[K/home/dj/MREN203/mren203-ws/build/steve_msgs/rosidl_generator_c/steve_msgs/msg/detail/set_points__struct.h:22:10:[m[K [01;31m[Kfatal error: [m[Ksteve_msgs/msg/detail/header__struct.h: No such file or directory
   22 | #include [01;31m[K"steve_msgs/msg/detail/header__struct.h"[m[K
      |          [01;31m[K^~~~~~~~~~~~~~~~~~~~~~~~~~~~~~~~~~~~~~~~[m[K
compilation terminated.
In file included from [01m[K/home/dj/MREN203/mren203-ws/build/steve_msgs/rosidl_generator_c/steve_msgs/msg/detail/control_ui__functions.h:19[m[K,
                 from [01m[K/home/dj/MREN203/mren203-ws/build/steve_msgs/rosidl_generator_c/steve_msgs/msg/detail/control_ui__functions.c:4[m[K:
[01m[K/home/dj/MREN203/mren203-ws/build/steve_msgs/rosidl_generator_c/steve_msgs/msg/detail/control_ui__struct.h:22:10:[m[K [01;31m[Kfatal error: [m[Ksteve_msgs/msg/detail/header__struct.h: No such file or directory
   22 | #include [01;31m[K"steve_msgs/msg/detail/header__struct.h"[m[K
      |          [01;31m[K^~~~~~~~~~~~~~~~~~~~~~~~~~~~~~~~~~~~~~~~[m[K
compilation terminated.
gmake[2]: *** [CMakeFiles/steve_msgs__rosidl_generator_c.dir/build.make:165: CMakeFiles/steve_msgs__rosidl_generator_c.dir/rosidl_generator_c/steve_msgs/msg/detail/set_points__functions.c.o] Error 1
gmake[2]: *** Waiting for unfinished jobs....
In file included from [01m[K/home/dj/MREN203/mren203-ws/build/steve_msgs/rosidl_generator_c/steve_msgs/msg/detail/sensor_data__functions.h:19[m[K,
                 from [01m[K/home/dj/MREN203/mren203-ws/build/steve_msgs/rosidl_generator_c/steve_msgs/msg/detail/sensor_data__functions.c:4[m[K:
[01m[K/home/dj/MREN203/mren203-ws/build/steve_msgs/rosidl_generator_c/steve_msgs/msg/detail/sensor_data__struct.h:22:10:[m[K [01;31m[Kfatal error: [m[Ksteve_msgs/msg/detail/header__struct.h: No such file or directory
   22 | #include [01;31m[K"steve_msgs/msg/detail/header__struct.h"[m[K
      |          [01;31m[K^~~~~~~~~~~~~~~~~~~~~~~~~~~~~~~~~~~~~~~~[m[K
compilation terminated.
gmake[2]: *** [CMakeFiles/steve_msgs__rosidl_generator_c.dir/build.make:137: CMakeFiles/steve_msgs__rosidl_generator_c.dir/rosidl_generator_c/steve_msgs/msg/detail/control_ui__functions.c.o] Error 1
gmake[2]: *** [CMakeFiles/steve_msgs__rosidl_generator_c.dir/build.make:151: CMakeFiles/steve_msgs__rosidl_generator_c.dir/rosidl_generator_c/steve_msgs/msg/detail/sensor_data__functions.c.o] Error 1
gmake[1]: *** [CMakeFiles/Makefile2:213: CMakeFiles/steve_msgs__rosidl_generator_c.dir/all] Error 2
gmake[1]: *** Waiting for unfinished jobs....
[ 23%] [32mBuilding CXX object CMakeFiles/steve_msgs__rosidl_typesupport_cpp.dir/rosidl_typesupport_cpp/steve_msgs/msg/control_ui__type_support.cpp.o[0m
[ 23%] [32mBuilding CXX object CMakeFiles/steve_msgs__rosidl_typesupport_cpp.dir/rosidl_typesupport_cpp/steve_msgs/msg/sensor_data__type_support.cpp.o[0m
[ 23%] [32mBuilding CXX object CMakeFiles/steve_msgs__rosidl_typesupport_cpp.dir/rosidl_typesupport_cpp/steve_msgs/msg/set_points__type_support.cpp.o[0m
[ 25%] [32mBuilding CXX object CMakeFiles/steve_msgs__rosidl_typesupport_introspection_cpp.dir/rosidl_typesupport_introspection_cpp/steve_msgs/msg/detail/sensor_data__type_support.cpp.o[0m
[ 27%] [32mBuilding CXX object CMakeFiles/steve_msgs__rosidl_typesupport_introspection_cpp.dir/rosidl_typesupport_introspection_cpp/steve_msgs/msg/detail/control_ui__type_support.cpp.o[0m
[ 29%] [32mBuilding CXX object CMakeFiles/steve_msgs__rosidl_typesupport_introspection_cpp.dir/rosidl_typesupport_introspection_cpp/steve_msgs/msg/detail/set_points__type_support.cpp.o[0m
[ 31%] [32mBuilding CXX object CMakeFiles/steve_msgs__rosidl_typesupport_fastrtps_cpp.dir/rosidl_typesupport_fastrtps_cpp/steve_msgs/msg/detail/dds_fastrtps/control_ui__type_support.cpp.o[0m
[ 34%] [32mBuilding CXX object CMakeFiles/steve_msgs__rosidl_typesupport_fastrtps_cpp.dir/rosidl_typesupport_fastrtps_cpp/steve_msgs/msg/detail/dds_fastrtps/set_points__type_support.cpp.o[0m
[ 36%] [32mBuilding CXX object CMakeFiles/steve_msgs__rosidl_typesupport_fastrtps_cpp.dir/rosidl_typesupport_fastrtps_cpp/steve_msgs/msg/detail/dds_fastrtps/sensor_data__type_support.cpp.o[0m
In file included from [01m[K/home/dj/MREN203/mren203-ws/build/steve_msgs/rosidl_typesupport_cpp/steve_msgs/msg/set_points__type_support.cpp:7[m[K:
[01m[K/home/dj/MREN203/mren203-ws/build/steve_msgs/rosidl_generator_cpp/steve_msgs/msg/detail/set_points__struct.hpp:20:10:[m[K [01;31m[Kfatal error: [m[Ksteve_msgs/msg/detail/header__struct.hpp: No such file or directory
   20 | #include [01;31m[K"steve_msgs/msg/detail/header__struct.hpp"[m[K
      |          [01;31m[K^~~~~~~~~~~~~~~~~~~~~~~~~~~~~~~~~~~~~~~~~~[m[K
compilation terminated.
gmake[2]: *** [CMakeFiles/steve_msgs__rosidl_typesupport_cpp.dir/build.make:122: CMakeFiles/steve_msgs__rosidl_typesupport_cpp.dir/rosidl_typesupport_cpp/steve_msgs/msg/set_points__type_support.cpp.o] Error 1
gmake[2]: *** Waiting for unfinished jobs....
In file included from [01m[K/home/dj/MREN203/mren203-ws/build/steve_msgs/rosidl_typesupport_cpp/steve_msgs/msg/control_ui__type_support.cpp:7[m[K:
[01m[K/home/dj/MREN203/mren203-ws/build/steve_msgs/rosidl_generator_cpp/steve_msgs/msg/detail/control_ui__struct.hpp:20:10:[m[K [01;31m[Kfatal error: [m[Ksteve_msgs/msg/detail/header__struct.hpp: No such file or directory
   20 | #include [01;31m[K"steve_msgs/msg/detail/header__struct.hpp"[m[K
      |          [01;31m[K^~~~~~~~~~~~~~~~~~~~~~~~~~~~~~~~~~~~~~~~~~[m[K
compilation terminated.
In file included from [01m[K/home/dj/MREN203/mren203-ws/build/steve_msgs/rosidl_typesupport_cpp/steve_msgs/msg/sensor_data__type_support.cpp:7[m[K:
[01m[K/home/dj/MREN203/mren203-ws/build/steve_msgs/rosidl_generator_cpp/steve_msgs/msg/detail/sensor_data__struct.hpp:20:10:[m[K [01;31m[Kfatal error: [m[Ksteve_msgs/msg/detail/header__struct.hpp: No such file or directory
   20 | #include [01;31m[K"steve_msgs/msg/detail/header__struct.hpp"[m[K
      |          [01;31m[K^~~~~~~~~~~~~~~~~~~~~~~~~~~~~~~~~~~~~~~~~~[m[K
compilation terminated.
gmake[2]: *** [CMakeFiles/steve_msgs__rosidl_typesupport_cpp.dir/build.make:108: CMakeFiles/steve_msgs__rosidl_typesupport_cpp.dir/rosidl_typesupport_cpp/steve_msgs/msg/sensor_data__type_support.cpp.o] Error 1
gmake[2]: *** [CMakeFiles/steve_msgs__rosidl_typesupport_cpp.dir/build.make:94: CMakeFiles/steve_msgs__rosidl_typesupport_cpp.dir/rosidl_typesupport_cpp/steve_msgs/msg/control_ui__type_support.cpp.o] Error 1
gmake[1]: *** [CMakeFiles/Makefile2:395: CMakeFiles/steve_msgs__rosidl_typesupport_cpp.dir/all] Error 2
In file included from [01m[K/home/dj/MREN203/mren203-ws/build/steve_msgs/rosidl_typesupport_introspection_cpp/steve_msgs/msg/detail/control_ui__type_support.cpp:12[m[K:
[01m[K/home/dj/MREN203/mren203-ws/build/steve_msgs/rosidl_generator_cpp/steve_msgs/msg/detail/control_ui__struct.hpp:20:10:[m[K [01;31m[Kfatal error: [m[Ksteve_msgs/msg/detail/header__struct.hpp: No such file or directory
   20 | #include [01;31m[K"steve_msgs/msg/detail/header__struct.hpp"[m[K
      |          [01;31m[K^~~~~~~~~~~~~~~~~~~~~~~~~~~~~~~~~~~~~~~~~~[m[K
compilation terminated.
gmake[2]: *** [CMakeFiles/steve_msgs__rosidl_typesupport_introspection_cpp.dir/build.make:105: CMakeFiles/steve_msgs__rosidl_typesupport_introspection_cpp.dir/rosidl_typesupport_introspection_cpp/steve_msgs/msg/detail/control_ui__type_support.cpp.o] Error 1
gmake[2]: *** Waiting for unfinished jobs....
In file included from [01m[K/home/dj/MREN203/mren203-ws/build/steve_msgs/rosidl_typesupport_introspection_cpp/steve_msgs/msg/detail/sensor_data__type_support.cpp:12[m[K:
[01m[K/home/dj/MREN203/mren203-ws/build/steve_msgs/rosidl_generator_cpp/steve_msgs/msg/detail/sensor_data__struct.hpp:20:10:[m[K [01;31m[Kfatal error: [m[Ksteve_msgs/msg/detail/header__struct.hpp: No such file or directory
   20 | #include [01;31m[K"steve_msgs/msg/detail/header__struct.hpp"[m[K
      |          [01;31m[K^~~~~~~~~~~~~~~~~~~~~~~~~~~~~~~~~~~~~~~~~~[m[K
compilation terminated.
gmake[2]: *** [CMakeFiles/steve_msgs__rosidl_typesupport_introspection_cpp.dir/build.make:119: CMakeFiles/steve_msgs__rosidl_typesupport_introspection_cpp.dir/rosidl_typesupport_introspection_cpp/steve_msgs/msg/detail/sensor_data__type_support.cpp.o] Error 1
In file included from [01m[K/home/dj/MREN203/mren203-ws/build/steve_msgs/rosidl_typesupport_introspection_cpp/steve_msgs/msg/detail/set_points__type_support.cpp:12[m[K:
[01m[K/home/dj/MREN203/mren203-ws/build/steve_msgs/rosidl_generator_cpp/steve_msgs/msg/detail/set_points__struct.hpp:20:10:[m[K [01;31m[Kfatal error: [m[Ksteve_msgs/msg/detail/header__struct.hpp: No such file or directory
   20 | #include [01;31m[K"steve_msgs/msg/detail/header__struct.hpp"[m[K
      |          [01;31m[K^~~~~~~~~~~~~~~~~~~~~~~~~~~~~~~~~~~~~~~~~~[m[K
compilation terminated.
gmake[2]: *** [CMakeFiles/steve_msgs__rosidl_typesupport_introspection_cpp.dir/build.make:133: CMakeFiles/steve_msgs__rosidl_typesupport_introspection_cpp.dir/rosidl_typesupport_introspection_cpp/steve_msgs/msg/detail/set_points__type_support.cpp.o] Error 1
gmake[1]: *** [CMakeFiles/Makefile2:369: CMakeFiles/steve_msgs__rosidl_typesupport_introspection_cpp.dir/all] Error 2
In file included from [01m[K/home/dj/MREN203/mren203-ws/build/steve_msgs/rosidl_typesupport_fastrtps_cpp/steve_msgs/msg/detail/sensor_data__rosidl_typesupport_fastrtps_cpp.hpp:11[m[K,
                 from [01m[K/home/dj/MREN203/mren203-ws/build/steve_msgs/rosidl_typesupport_fastrtps_cpp/steve_msgs/msg/detail/dds_fastrtps/sensor_data__type_support.cpp:4[m[K:
[01m[K/home/dj/MREN203/mren203-ws/build/steve_msgs/rosidl_generator_cpp/steve_msgs/msg/detail/sensor_data__struct.hpp:20:10:[m[K [01;31m[Kfatal error: [m[Ksteve_msgs/msg/detail/header__struct.hpp: No such file or directory
   20 | #include [01;31m[K"steve_msgs/msg/detail/header__struct.hpp"[m[K
      |          [01;31m[K^~~~~~~~~~~~~~~~~~~~~~~~~~~~~~~~~~~~~~~~~~[m[K
compilation terminated.
In file included from [01m[K/home/dj/MREN203/mren203-ws/build/steve_msgs/rosidl_typesupport_fastrtps_cpp/steve_msgs/msg/detail/set_points__rosidl_typesupport_fastrtps_cpp.hpp:11[m[K,
                 from [01m[K/home/dj/MREN203/mren203-ws/build/steve_msgs/rosidl_typesupport_fastrtps_cpp/steve_msgs/msg/detail/dds_fastrtps/set_points__type_support.cpp:4[m[K:
[01m[K/home/dj/MREN203/mren203-ws/build/steve_msgs/rosidl_generator_cpp/steve_msgs/msg/detail/set_points__struct.hpp:20:10:[m[K [01;31m[Kfatal error: [m[Ksteve_msgs/msg/detail/header__struct.hpp: No such file or directory
   20 | #include [01;31m[K"steve_msgs/msg/detail/header__struct.hpp"[m[K
      |          [01;31m[K^~~~~~~~~~~~~~~~~~~~~~~~~~~~~~~~~~~~~~~~~~[m[K
compilation terminated.
In file included from [01m[K/home/dj/MREN203/mren203-ws/build/steve_msgs/rosidl_typesupport_fastrtps_cpp/steve_msgs/msg/detail/control_ui__rosidl_typesupport_fastrtps_cpp.hpp:11[m[K,
                 from [01m[K/home/dj/MREN203/mren203-ws/build/steve_msgs/rosidl_typesupport_fastrtps_cpp/steve_msgs/msg/detail/dds_fastrtps/control_ui__type_support.cpp:4[m[K:
[01m[K/home/dj/MREN203/mren203-ws/build/steve_msgs/rosidl_generator_cpp/steve_msgs/msg/detail/control_ui__struct.hpp:20:10:[m[K [01;31m[Kfatal error: [m[Ksteve_msgs/msg/detail/header__struct.hpp: No such file or directory
   20 | #include [01;31m[K"steve_msgs/msg/detail/header__struct.hpp"[m[K
      |          [01;31m[K^~~~~~~~~~~~~~~~~~~~~~~~~~~~~~~~~~~~~~~~~~[m[K
compilation terminated.
gmake[2]: *** [CMakeFiles/steve_msgs__rosidl_typesupport_fastrtps_cpp.dir/build.make:119: CMakeFiles/steve_msgs__rosidl_typesupport_fastrtps_cpp.dir/rosidl_typesupport_fastrtps_cpp/steve_msgs/msg/detail/dds_fastrtps/sensor_data__type_support.cpp.o] Error 1
gmake[2]: *** Waiting for unfinished jobs....
gmake[2]: *** [CMakeFiles/steve_msgs__rosidl_typesupport_fastrtps_cpp.dir/build.make:105: CMakeFiles/steve_msgs__rosidl_typesupport_fastrtps_cpp.dir/rosidl_typesupport_fastrtps_cpp/steve_msgs/msg/detail/dds_fastrtps/control_ui__type_support.cpp.o] Error 1
gmake[2]: *** [CMakeFiles/steve_msgs__rosidl_typesupport_fastrtps_cpp.dir/build.make:133: CMakeFiles/steve_msgs__rosidl_typesupport_fastrtps_cpp.dir/rosidl_typesupport_fastrtps_cpp/steve_msgs/msg/detail/dds_fastrtps/set_points__type_support.cpp.o] Error 1
gmake[1]: *** [CMakeFiles/Makefile2:343: CMakeFiles/steve_msgs__rosidl_typesupport_fastrtps_cpp.dir/all] Error 2
gmake: *** [Makefile:146: all] Error 2
