[0.247s] Invoking command in '/home/dj/MREN203/mren203-ws/build/steve_msgs': CMAKE_PREFIX_PATH=/opt/ros/humble /usr/bin/cmake /home/dj/MREN203/mren203-ws/src/steve_msgs -DAMENT_CMAKE_SYMLINK_INSTALL=1 -DCMAKE_INSTALL_PREFIX=/home/dj/MREN203/mren203-ws/install/steve_msgs
[0.477s] -- The C compiler identification is GNU 11.4.0
[0.477s] -- The CXX compiler identification is GNU 11.4.0
[0.478s] -- Detecting C compiler ABI info
[0.517s] -- Detecting C compiler ABI info - done
[0.522s] -- Check for working C compiler: /usr/bin/cc - skipped
[0.522s] -- Detecting C compile features
[0.523s] -- Detecting C compile features - done
[0.527s] -- Detecting CXX compiler ABI info
[0.604s] -- Detecting CXX compiler ABI info - done
[0.610s] -- Check for working CXX compiler: /usr/bin/c++ - skipped
[0.610s] -- Detecting CXX compile features
[0.610s] -- Detecting CXX compile features - done
[0.621s] -- Found ament_cmake: 1.3.8 (/opt/ros/humble/share/ament_cmake/cmake)
[0.927s] -- Found Python3: /usr/bin/python3 (found version "3.10.12") found components: Interpreter 
[0.985s] -- Override CMake install command with custom implementation using symlinks instead of copying resources
[1.023s] -- Found rosidl_default_generators: 1.2.0 (/opt/ros/humble/share/rosidl_default_generators/cmake)
[1.027s] -- Using all available rosidl_typesupport_c: rosidl_typesupport_fastrtps_c;rosidl_typesupport_introspection_c
[1.036s] -- Found rosidl_adapter: 3.1.5 (/opt/ros/humble/share/rosidl_adapter/cmake)
[1.089s] -- Using all available rosidl_typesupport_cpp: rosidl_typesupport_fastrtps_cpp;rosidl_typesupport_introspection_cpp
[1.383s] -- Found ament_cmake_ros: 0.10.0 (/opt/ros/humble/share/ament_cmake_ros/cmake)
[1.535s] -- Using all available rosidl_typesupport_c: rosidl_typesupport_fastrtps_c;rosidl_typesupport_introspection_c
[1.736s] -- Using all available rosidl_typesupport_cpp: rosidl_typesupport_fastrtps_cpp;rosidl_typesupport_introspection_cpp
[1.756s] -- Found PythonInterp: /usr/bin/python3 (found suitable version "3.10.12", minimum required is "3.6") 
[1.758s] -- Found python_cmake_module: 0.10.0 (/opt/ros/humble/share/python_cmake_module/cmake)
[1.782s] -- Found PythonLibs: /usr/lib/x86_64-linux-gnu/libpython3.10.so (found suitable version "3.10.12", minimum required is "3.5") 
[1.782s] -- Using PYTHON_EXECUTABLE: /usr/bin/python3
[1.782s] -- Using PYTHON_INCLUDE_DIRS: /usr/include/python3.10
[1.782s] -- Using PYTHON_LIBRARIES: /usr/lib/x86_64-linux-gnu/libpython3.10.so
[1.799s] -- Found PythonExtra: .so  
[1.830s] -- Found ament_lint_auto: 0.12.10 (/opt/ros/humble/share/ament_lint_auto/cmake)
[1.855s] -- Added test 'lint_cmake' to check CMake code style
[1.856s] -- Added test 'xmllint' to check XML markup files
[1.860s] -- Configuring done
[1.886s] -- Generating done
[1.888s] -- Build files have been written to: /home/dj/MREN203/mren203-ws/build/steve_msgs
[1.909s] Invoked command in '/home/dj/MREN203/mren203-ws/build/steve_msgs' returned '0': CMAKE_PREFIX_PATH=/opt/ros/humble /usr/bin/cmake /home/dj/MREN203/mren203-ws/src/steve_msgs -DAMENT_CMAKE_SYMLINK_INSTALL=1 -DCMAKE_INSTALL_PREFIX=/home/dj/MREN203/mren203-ws/install/steve_msgs
[1.910s] Invoking command in '/home/dj/MREN203/mren203-ws/build/steve_msgs': CMAKE_PREFIX_PATH=/opt/ros/humble /usr/bin/cmake --build /home/dj/MREN203/mren203-ws/build/steve_msgs -- -j16 -l16
[1.951s] [  2%] [34m[1mGenerating C code for ROS interfaces[0m
[1.959s] [  4%] [34m[1mGenerating C++ code for ROS interfaces[0m
[1.966s] [  4%] Built target ament_cmake_python_symlink_steve_msgs
[2.144s] running egg_info
[2.145s] creating steve_msgs.egg-info
[2.161s] writing steve_msgs.egg-info/PKG-INFO
[2.161s] writing dependency_links to steve_msgs.egg-info/dependency_links.txt
[2.161s] writing top-level names to steve_msgs.egg-info/top_level.txt
[2.161s] writing manifest file 'steve_msgs.egg-info/SOURCES.txt'
[2.208s] reading manifest file 'steve_msgs.egg-info/SOURCES.txt'
[2.209s] writing manifest file 'steve_msgs.egg-info/SOURCES.txt'
[2.238s] [  4%] Built target ament_cmake_python_build_steve_msgs_egg
[2.288s] [  4%] Built target steve_msgs__cpp
[2.299s] [  8%] [34m[1mGenerating C++ type support for eProsima Fast-RTPS[0m
[2.299s] [  8%] [34m[1mGenerating C++ introspection for ROS interfaces[0m
[2.300s] [ 10%] [34m[1mGenerating C++ type support dispatch for ROS interfaces[0m
[2.372s] [ 14%] [32mBuilding C object CMakeFiles/steve_msgs__rosidl_generator_c.dir/rosidl_generator_c/steve_msgs/msg/detail/sensor_data__functions.c.o[0m
[2.372s] [ 14%] [32mBuilding C object CMakeFiles/steve_msgs__rosidl_generator_c.dir/rosidl_generator_c/steve_msgs/msg/detail/control_ui__functions.c.o[0m
[2.372s] [ 17%] [32mBuilding C object CMakeFiles/steve_msgs__rosidl_generator_c.dir/rosidl_generator_c/steve_msgs/msg/detail/set_points__functions.c.o[0m
[2.389s] In file included from [01m[K/home/dj/MREN203/mren203-ws/build/steve_msgs/rosidl_generator_c/steve_msgs/msg/detail/set_points__functions.h:19[m[K,
[2.389s]                  from [01m[K/home/dj/MREN203/mren203-ws/build/steve_msgs/rosidl_generator_c/steve_msgs/msg/detail/set_points__functions.c:4[m[K:
[2.389s] [01m[K/home/dj/MREN203/mren203-ws/build/steve_msgs/rosidl_generator_c/steve_msgs/msg/detail/set_points__struct.h:22:10:[m[K [01;31m[Kfatal error: [m[Ksteve_msgs/msg/detail/header__struct.h: No such file or directory
[2.389s]    22 | #include [01;31m[K"steve_msgs/msg/detail/header__struct.h"[m[K
[2.389s]       |          [01;31m[K^~~~~~~~~~~~~~~~~~~~~~~~~~~~~~~~~~~~~~~~[m[K
[2.390s] compilation terminated.
[2.390s] In file included from [01m[K/home/dj/MREN203/mren203-ws/build/steve_msgs/rosidl_generator_c/steve_msgs/msg/detail/control_ui__functions.h:19[m[K,
[2.390s]                  from [01m[K/home/dj/MREN203/mren203-ws/build/steve_msgs/rosidl_generator_c/steve_msgs/msg/detail/control_ui__functions.c:4[m[K:
[2.390s] [01m[K/home/dj/MREN203/mren203-ws/build/steve_msgs/rosidl_generator_c/steve_msgs/msg/detail/control_ui__struct.h:22:10:[m[K [01;31m[Kfatal error: [m[Ksteve_msgs/msg/detail/header__struct.h: No such file or directory
[2.390s]    22 | #include [01;31m[K"steve_msgs/msg/detail/header__struct.h"[m[K
[2.390s]       |          [01;31m[K^~~~~~~~~~~~~~~~~~~~~~~~~~~~~~~~~~~~~~~~[m[K
[2.390s] compilation terminated.
[2.390s] gmake[2]: *** [CMakeFiles/steve_msgs__rosidl_generator_c.dir/build.make:165: CMakeFiles/steve_msgs__rosidl_generator_c.dir/rosidl_generator_c/steve_msgs/msg/detail/set_points__functions.c.o] Error 1
[2.390s] gmake[2]: *** Waiting for unfinished jobs....
[2.391s] In file included from [01m[K/home/dj/MREN203/mren203-ws/build/steve_msgs/rosidl_generator_c/steve_msgs/msg/detail/sensor_data__functions.h:19[m[K,
[2.391s]                  from [01m[K/home/dj/MREN203/mren203-ws/build/steve_msgs/rosidl_generator_c/steve_msgs/msg/detail/sensor_data__functions.c:4[m[K:
[2.391s] [01m[K/home/dj/MREN203/mren203-ws/build/steve_msgs/rosidl_generator_c/steve_msgs/msg/detail/sensor_data__struct.h:22:10:[m[K [01;31m[Kfatal error: [m[Ksteve_msgs/msg/detail/header__struct.h: No such file or directory
[2.391s]    22 | #include [01;31m[K"steve_msgs/msg/detail/header__struct.h"[m[K
[2.391s]       |          [01;31m[K^~~~~~~~~~~~~~~~~~~~~~~~~~~~~~~~~~~~~~~~[m[K
[2.391s] compilation terminated.
[2.391s] gmake[2]: *** [CMakeFiles/steve_msgs__rosidl_generator_c.dir/build.make:137: CMakeFiles/steve_msgs__rosidl_generator_c.dir/rosidl_generator_c/steve_msgs/msg/detail/control_ui__functions.c.o] Error 1
[2.391s] gmake[2]: *** [CMakeFiles/steve_msgs__rosidl_generator_c.dir/build.make:151: CMakeFiles/steve_msgs__rosidl_generator_c.dir/rosidl_generator_c/steve_msgs/msg/detail/sensor_data__functions.c.o] Error 1
[2.392s] gmake[1]: *** [CMakeFiles/Makefile2:213: CMakeFiles/steve_msgs__rosidl_generator_c.dir/all] Error 2
[2.392s] gmake[1]: *** Waiting for unfinished jobs....
[2.611s] [ 23%] [32mBuilding CXX object CMakeFiles/steve_msgs__rosidl_typesupport_cpp.dir/rosidl_typesupport_cpp/steve_msgs/msg/control_ui__type_support.cpp.o[0m
[2.611s] [ 23%] [32mBuilding CXX object CMakeFiles/steve_msgs__rosidl_typesupport_cpp.dir/rosidl_typesupport_cpp/steve_msgs/msg/sensor_data__type_support.cpp.o[0m
[2.611s] [ 23%] [32mBuilding CXX object CMakeFiles/steve_msgs__rosidl_typesupport_cpp.dir/rosidl_typesupport_cpp/steve_msgs/msg/set_points__type_support.cpp.o[0m
[2.613s] [ 25%] [32mBuilding CXX object CMakeFiles/steve_msgs__rosidl_typesupport_introspection_cpp.dir/rosidl_typesupport_introspection_cpp/steve_msgs/msg/detail/sensor_data__type_support.cpp.o[0m
[2.613s] [ 27%] [32mBuilding CXX object CMakeFiles/steve_msgs__rosidl_typesupport_introspection_cpp.dir/rosidl_typesupport_introspection_cpp/steve_msgs/msg/detail/control_ui__type_support.cpp.o[0m
[2.614s] [ 29%] [32mBuilding CXX object CMakeFiles/steve_msgs__rosidl_typesupport_introspection_cpp.dir/rosidl_typesupport_introspection_cpp/steve_msgs/msg/detail/set_points__type_support.cpp.o[0m
[2.653s] [ 31%] [32mBuilding CXX object CMakeFiles/steve_msgs__rosidl_typesupport_fastrtps_cpp.dir/rosidl_typesupport_fastrtps_cpp/steve_msgs/msg/detail/dds_fastrtps/control_ui__type_support.cpp.o[0m
[2.654s] [ 34%] [32mBuilding CXX object CMakeFiles/steve_msgs__rosidl_typesupport_fastrtps_cpp.dir/rosidl_typesupport_fastrtps_cpp/steve_msgs/msg/detail/dds_fastrtps/set_points__type_support.cpp.o[0m
[2.654s] [ 36%] [32mBuilding CXX object CMakeFiles/steve_msgs__rosidl_typesupport_fastrtps_cpp.dir/rosidl_typesupport_fastrtps_cpp/steve_msgs/msg/detail/dds_fastrtps/sensor_data__type_support.cpp.o[0m
[2.657s] In file included from [01m[K/home/dj/MREN203/mren203-ws/build/steve_msgs/rosidl_typesupport_cpp/steve_msgs/msg/set_points__type_support.cpp:7[m[K:
[2.657s] [01m[K/home/dj/MREN203/mren203-ws/build/steve_msgs/rosidl_generator_cpp/steve_msgs/msg/detail/set_points__struct.hpp:20:10:[m[K [01;31m[Kfatal error: [m[Ksteve_msgs/msg/detail/header__struct.hpp: No such file or directory
[2.657s]    20 | #include [01;31m[K"steve_msgs/msg/detail/header__struct.hpp"[m[K
[2.657s]       |          [01;31m[K^~~~~~~~~~~~~~~~~~~~~~~~~~~~~~~~~~~~~~~~~~[m[K
[2.657s] compilation terminated.
[2.659s] gmake[2]: *** [CMakeFiles/steve_msgs__rosidl_typesupport_cpp.dir/build.make:122: CMakeFiles/steve_msgs__rosidl_typesupport_cpp.dir/rosidl_typesupport_cpp/steve_msgs/msg/set_points__type_support.cpp.o] Error 1
[2.659s] gmake[2]: *** Waiting for unfinished jobs....
[2.660s] In file included from [01m[K/home/dj/MREN203/mren203-ws/build/steve_msgs/rosidl_typesupport_cpp/steve_msgs/msg/control_ui__type_support.cpp:7[m[K:
[2.660s] [01m[K/home/dj/MREN203/mren203-ws/build/steve_msgs/rosidl_generator_cpp/steve_msgs/msg/detail/control_ui__struct.hpp:20:10:[m[K [01;31m[Kfatal error: [m[Ksteve_msgs/msg/detail/header__struct.hpp: No such file or directory
[2.660s]    20 | #include [01;31m[K"steve_msgs/msg/detail/header__struct.hpp"[m[K
[2.660s]       |          [01;31m[K^~~~~~~~~~~~~~~~~~~~~~~~~~~~~~~~~~~~~~~~~~[m[K
[2.661s] compilation terminated.
[2.661s] In file included from [01m[K/home/dj/MREN203/mren203-ws/build/steve_msgs/rosidl_typesupport_cpp/steve_msgs/msg/sensor_data__type_support.cpp:7[m[K:
[2.661s] [01m[K/home/dj/MREN203/mren203-ws/build/steve_msgs/rosidl_generator_cpp/steve_msgs/msg/detail/sensor_data__struct.hpp:20:10:[m[K [01;31m[Kfatal error: [m[Ksteve_msgs/msg/detail/header__struct.hpp: No such file or directory
[2.661s]    20 | #include [01;31m[K"steve_msgs/msg/detail/header__struct.hpp"[m[K
[2.661s]       |          [01;31m[K^~~~~~~~~~~~~~~~~~~~~~~~~~~~~~~~~~~~~~~~~~[m[K
[2.661s] compilation terminated.
[2.662s] gmake[2]: *** [CMakeFiles/steve_msgs__rosidl_typesupport_cpp.dir/build.make:108: CMakeFiles/steve_msgs__rosidl_typesupport_cpp.dir/rosidl_typesupport_cpp/steve_msgs/msg/sensor_data__type_support.cpp.o] Error 1
[2.662s] gmake[2]: *** [CMakeFiles/steve_msgs__rosidl_typesupport_cpp.dir/build.make:94: CMakeFiles/steve_msgs__rosidl_typesupport_cpp.dir/rosidl_typesupport_cpp/steve_msgs/msg/control_ui__type_support.cpp.o] Error 1
[2.663s] gmake[1]: *** [CMakeFiles/Makefile2:395: CMakeFiles/steve_msgs__rosidl_typesupport_cpp.dir/all] Error 2
[2.663s] In file included from [01m[K/home/dj/MREN203/mren203-ws/build/steve_msgs/rosidl_typesupport_introspection_cpp/steve_msgs/msg/detail/control_ui__type_support.cpp:12[m[K:
[2.664s] [01m[K/home/dj/MREN203/mren203-ws/build/steve_msgs/rosidl_generator_cpp/steve_msgs/msg/detail/control_ui__struct.hpp:20:10:[m[K [01;31m[Kfatal error: [m[Ksteve_msgs/msg/detail/header__struct.hpp: No such file or directory
[2.664s]    20 | #include [01;31m[K"steve_msgs/msg/detail/header__struct.hpp"[m[K
[2.664s]       |          [01;31m[K^~~~~~~~~~~~~~~~~~~~~~~~~~~~~~~~~~~~~~~~~~[m[K
[2.664s] compilation terminated.
[2.665s] gmake[2]: *** [CMakeFiles/steve_msgs__rosidl_typesupport_introspection_cpp.dir/build.make:105: CMakeFiles/steve_msgs__rosidl_typesupport_introspection_cpp.dir/rosidl_typesupport_introspection_cpp/steve_msgs/msg/detail/control_ui__type_support.cpp.o] Error 1
[2.665s] gmake[2]: *** Waiting for unfinished jobs....
[2.675s] In file included from [01m[K/home/dj/MREN203/mren203-ws/build/steve_msgs/rosidl_typesupport_introspection_cpp/steve_msgs/msg/detail/sensor_data__type_support.cpp:12[m[K:
[2.675s] [01m[K/home/dj/MREN203/mren203-ws/build/steve_msgs/rosidl_generator_cpp/steve_msgs/msg/detail/sensor_data__struct.hpp:20:10:[m[K [01;31m[Kfatal error: [m[Ksteve_msgs/msg/detail/header__struct.hpp: No such file or directory
[2.675s]    20 | #include [01;31m[K"steve_msgs/msg/detail/header__struct.hpp"[m[K
[2.675s]       |          [01;31m[K^~~~~~~~~~~~~~~~~~~~~~~~~~~~~~~~~~~~~~~~~~[m[K
[2.675s] compilation terminated.
[2.677s] gmake[2]: *** [CMakeFiles/steve_msgs__rosidl_typesupport_introspection_cpp.dir/build.make:119: CMakeFiles/steve_msgs__rosidl_typesupport_introspection_cpp.dir/rosidl_typesupport_introspection_cpp/steve_msgs/msg/detail/sensor_data__type_support.cpp.o] Error 1
[2.679s] In file included from [01m[K/home/dj/MREN203/mren203-ws/build/steve_msgs/rosidl_typesupport_introspection_cpp/steve_msgs/msg/detail/set_points__type_support.cpp:12[m[K:
[2.679s] [01m[K/home/dj/MREN203/mren203-ws/build/steve_msgs/rosidl_generator_cpp/steve_msgs/msg/detail/set_points__struct.hpp:20:10:[m[K [01;31m[Kfatal error: [m[Ksteve_msgs/msg/detail/header__struct.hpp: No such file or directory
[2.679s]    20 | #include [01;31m[K"steve_msgs/msg/detail/header__struct.hpp"[m[K
[2.679s]       |          [01;31m[K^~~~~~~~~~~~~~~~~~~~~~~~~~~~~~~~~~~~~~~~~~[m[K
[2.680s] compilation terminated.
[2.681s] gmake[2]: *** [CMakeFiles/steve_msgs__rosidl_typesupport_introspection_cpp.dir/build.make:133: CMakeFiles/steve_msgs__rosidl_typesupport_introspection_cpp.dir/rosidl_typesupport_introspection_cpp/steve_msgs/msg/detail/set_points__type_support.cpp.o] Error 1
[2.681s] gmake[1]: *** [CMakeFiles/Makefile2:369: CMakeFiles/steve_msgs__rosidl_typesupport_introspection_cpp.dir/all] Error 2
[2.698s] In file included from [01m[K/home/dj/MREN203/mren203-ws/build/steve_msgs/rosidl_typesupport_fastrtps_cpp/steve_msgs/msg/detail/sensor_data__rosidl_typesupport_fastrtps_cpp.hpp:11[m[K,
[2.698s]                  from [01m[K/home/dj/MREN203/mren203-ws/build/steve_msgs/rosidl_typesupport_fastrtps_cpp/steve_msgs/msg/detail/dds_fastrtps/sensor_data__type_support.cpp:4[m[K:
[2.698s] [01m[K/home/dj/MREN203/mren203-ws/build/steve_msgs/rosidl_generator_cpp/steve_msgs/msg/detail/sensor_data__struct.hpp:20:10:[m[K [01;31m[Kfatal error: [m[Ksteve_msgs/msg/detail/header__struct.hpp: No such file or directory
[2.698s]    20 | #include [01;31m[K"steve_msgs/msg/detail/header__struct.hpp"[m[K
[2.698s]       |          [01;31m[K^~~~~~~~~~~~~~~~~~~~~~~~~~~~~~~~~~~~~~~~~~[m[K
[2.698s] compilation terminated.
[2.698s] In file included from [01m[K/home/dj/MREN203/mren203-ws/build/steve_msgs/rosidl_typesupport_fastrtps_cpp/steve_msgs/msg/detail/set_points__rosidl_typesupport_fastrtps_cpp.hpp:11[m[K,
[2.698s]                  from [01m[K/home/dj/MREN203/mren203-ws/build/steve_msgs/rosidl_typesupport_fastrtps_cpp/steve_msgs/msg/detail/dds_fastrtps/set_points__type_support.cpp:4[m[K:
[2.698s] [01m[K/home/dj/MREN203/mren203-ws/build/steve_msgs/rosidl_generator_cpp/steve_msgs/msg/detail/set_points__struct.hpp:20:10:[m[K [01;31m[Kfatal error: [m[Ksteve_msgs/msg/detail/header__struct.hpp: No such file or directory
[2.699s]    20 | #include [01;31m[K"steve_msgs/msg/detail/header__struct.hpp"[m[K
[2.699s]       |          [01;31m[K^~~~~~~~~~~~~~~~~~~~~~~~~~~~~~~~~~~~~~~~~~[m[K
[2.699s] compilation terminated.
[2.699s] In file included from [01m[K/home/dj/MREN203/mren203-ws/build/steve_msgs/rosidl_typesupport_fastrtps_cpp/steve_msgs/msg/detail/control_ui__rosidl_typesupport_fastrtps_cpp.hpp:11[m[K,
[2.699s]                  from [01m[K/home/dj/MREN203/mren203-ws/build/steve_msgs/rosidl_typesupport_fastrtps_cpp/steve_msgs/msg/detail/dds_fastrtps/control_ui__type_support.cpp:4[m[K:
[2.699s] [01m[K/home/dj/MREN203/mren203-ws/build/steve_msgs/rosidl_generator_cpp/steve_msgs/msg/detail/control_ui__struct.hpp:20:10:[m[K [01;31m[Kfatal error: [m[Ksteve_msgs/msg/detail/header__struct.hpp: No such file or directory
[2.699s]    20 | #include [01;31m[K"steve_msgs/msg/detail/header__struct.hpp"[m[K
[2.699s]       |          [01;31m[K^~~~~~~~~~~~~~~~~~~~~~~~~~~~~~~~~~~~~~~~~~[m[K
[2.699s] compilation terminated.
[2.699s] gmake[2]: *** [CMakeFiles/steve_msgs__rosidl_typesupport_fastrtps_cpp.dir/build.make:119: CMakeFiles/steve_msgs__rosidl_typesupport_fastrtps_cpp.dir/rosidl_typesupport_fastrtps_cpp/steve_msgs/msg/detail/dds_fastrtps/sensor_data__type_support.cpp.o] Error 1
[2.699s] gmake[2]: *** Waiting for unfinished jobs....
[2.700s] gmake[2]: *** [CMakeFiles/steve_msgs__rosidl_typesupport_fastrtps_cpp.dir/build.make:105: CMakeFiles/steve_msgs__rosidl_typesupport_fastrtps_cpp.dir/rosidl_typesupport_fastrtps_cpp/steve_msgs/msg/detail/dds_fastrtps/control_ui__type_support.cpp.o] Error 1
[2.700s] gmake[2]: *** [CMakeFiles/steve_msgs__rosidl_typesupport_fastrtps_cpp.dir/build.make:133: CMakeFiles/steve_msgs__rosidl_typesupport_fastrtps_cpp.dir/rosidl_typesupport_fastrtps_cpp/steve_msgs/msg/detail/dds_fastrtps/set_points__type_support.cpp.o] Error 1
[2.700s] gmake[1]: *** [CMakeFiles/Makefile2:343: CMakeFiles/steve_msgs__rosidl_typesupport_fastrtps_cpp.dir/all] Error 2
[2.700s] gmake: *** [Makefile:146: all] Error 2
[2.702s] Invoked command in '/home/dj/MREN203/mren203-ws/build/steve_msgs' returned '2': CMAKE_PREFIX_PATH=/opt/ros/humble /usr/bin/cmake --build /home/dj/MREN203/mren203-ws/build/steve_msgs -- -j16 -l16
