[0.190s] Invoking command in '/home/dj/MREN203/mren203-ws/build/steve_msgs': CMAKE_PREFIX_PATH=/opt/ros/humble /usr/bin/cmake /home/dj/MREN203/mren203-ws/src/steve_msgs -DAMENT_CMAKE_SYMLINK_INSTALL=1 -DCMAKE_INSTALL_PREFIX=/home/dj/MREN203/mren203-ws/install/steve_msgs
[0.408s] -- The C compiler identification is GNU 11.4.0
[0.409s] -- The CXX compiler identification is GNU 11.4.0
[0.409s] -- Detecting C compiler ABI info
[0.409s] -- Detecting C compiler ABI info - done
[0.409s] -- Check for working C compiler: /usr/bin/cc - skipped
[0.410s] -- Detecting C compile features
[0.410s] -- Detecting C compile features - done
[0.411s] -- Detecting CXX compiler ABI info
[0.458s] -- Detecting CXX compiler ABI info - done
[0.462s] -- Check for working CXX compiler: /usr/bin/c++ - skipped
[0.462s] -- Detecting CXX compile features
[0.463s] -- Detecting CXX compile features - done
[0.465s] -- Found ament_cmake: 1.3.8 (/opt/ros/humble/share/ament_cmake/cmake)
[0.765s] -- Found Python3: /usr/bin/python3 (found version "3.10.12") found components: Interpreter 
[0.814s] -- Override CMake install command with custom implementation using symlinks instead of copying resources
[0.839s] -- Found rosidl_default_generators: 1.2.0 (/opt/ros/humble/share/rosidl_default_generators/cmake)
[0.842s] -- Using all available rosidl_typesupport_c: rosidl_typesupport_fastrtps_c;rosidl_typesupport_introspection_c
[0.847s] -- Found rosidl_adapter: 3.1.5 (/opt/ros/humble/share/rosidl_adapter/cmake)
[0.881s] -- Using all available rosidl_typesupport_cpp: rosidl_typesupport_fastrtps_cpp;rosidl_typesupport_introspection_cpp
[1.166s] -- Found ament_cmake_ros: 0.10.0 (/opt/ros/humble/share/ament_cmake_ros/cmake)
[1.320s] -- Using all available rosidl_typesupport_c: rosidl_typesupport_fastrtps_c;rosidl_typesupport_introspection_c
[1.525s] -- Using all available rosidl_typesupport_cpp: rosidl_typesupport_fastrtps_cpp;rosidl_typesupport_introspection_cpp
[1.543s] -- Found PythonInterp: /usr/bin/python3 (found suitable version "3.10.12", minimum required is "3.6") 
[1.545s] -- Found python_cmake_module: 0.10.0 (/opt/ros/humble/share/python_cmake_module/cmake)
[1.565s] -- Found PythonLibs: /usr/lib/x86_64-linux-gnu/libpython3.10.so (found suitable version "3.10.12", minimum required is "3.5") 
[1.565s] -- Using PYTHON_EXECUTABLE: /usr/bin/python3
[1.565s] -- Using PYTHON_INCLUDE_DIRS: /usr/include/python3.10
[1.565s] -- Using PYTHON_LIBRARIES: /usr/lib/x86_64-linux-gnu/libpython3.10.so
[1.582s] -- Found PythonExtra: .so  
[1.609s] -- Found ament_lint_auto: 0.12.10 (/opt/ros/humble/share/ament_lint_auto/cmake)
[1.626s] -- Added test 'lint_cmake' to check CMake code style
[1.626s] -- Added test 'xmllint' to check XML markup files
[1.629s] -- Configuring done
[1.654s] -- Generating done
[1.656s] -- Build files have been written to: /home/dj/MREN203/mren203-ws/build/steve_msgs
[1.719s] Invoked command in '/home/dj/MREN203/mren203-ws/build/steve_msgs' returned '0': CMAKE_PREFIX_PATH=/opt/ros/humble /usr/bin/cmake /home/dj/MREN203/mren203-ws/src/steve_msgs -DAMENT_CMAKE_SYMLINK_INSTALL=1 -DCMAKE_INSTALL_PREFIX=/home/dj/MREN203/mren203-ws/install/steve_msgs
[1.721s] Invoking command in '/home/dj/MREN203/mren203-ws/build/steve_msgs': CMAKE_PREFIX_PATH=/opt/ros/humble /usr/bin/cmake --build /home/dj/MREN203/mren203-ws/build/steve_msgs -- -j16 -l16
[1.758s] [  2%] [34m[1mGenerating C code for ROS interfaces[0m
[1.767s] [  4%] [34m[1mGenerating C++ code for ROS interfaces[0m
[1.774s] [  4%] Built target ament_cmake_python_symlink_steve_msgs
[1.939s] running egg_info
[1.939s] creating steve_msgs.egg-info
[1.955s] writing steve_msgs.egg-info/PKG-INFO
[1.955s] writing dependency_links to steve_msgs.egg-info/dependency_links.txt
[1.955s] writing top-level names to steve_msgs.egg-info/top_level.txt
[1.955s] writing manifest file 'steve_msgs.egg-info/SOURCES.txt'
[2.002s] reading manifest file 'steve_msgs.egg-info/SOURCES.txt'
[2.002s] writing manifest file 'steve_msgs.egg-info/SOURCES.txt'
[2.026s] [  4%] Built target ament_cmake_python_build_steve_msgs_egg
[2.095s] [  4%] Built target steve_msgs__cpp
[2.105s] [  6%] [34m[1mGenerating C++ introspection for ROS interfaces[0m
[2.107s] [ 10%] [34m[1mGenerating C++ type support dispatch for ROS interfaces[0m
[2.107s] [ 10%] [34m[1mGenerating C++ type support for eProsima Fast-RTPS[0m
[2.212s] [ 14%] [32mBuilding C object CMakeFiles/steve_msgs__rosidl_generator_c.dir/rosidl_generator_c/steve_msgs/msg/detail/set_points__functions.c.o[0m
[2.213s] [ 14%] [32mBuilding C object CMakeFiles/steve_msgs__rosidl_generator_c.dir/rosidl_generator_c/steve_msgs/msg/detail/sensor_data__functions.c.o[0m
[2.214s] [ 17%] [32mBuilding C object CMakeFiles/steve_msgs__rosidl_generator_c.dir/rosidl_generator_c/steve_msgs/msg/detail/control_ui__functions.c.o[0m
[2.224s] In file included from [01m[K/home/dj/MREN203/mren203-ws/build/steve_msgs/rosidl_generator_c/steve_msgs/msg/detail/sensor_data__functions.h:19[m[K,
[2.224s]                  from [01m[K/home/dj/MREN203/mren203-ws/build/steve_msgs/rosidl_generator_c/steve_msgs/msg/detail/sensor_data__functions.c:4[m[K:
[2.224s] [01m[K/home/dj/MREN203/mren203-ws/build/steve_msgs/rosidl_generator_c/steve_msgs/msg/detail/sensor_data__struct.h:22:10:[m[K [01;31m[Kfatal error: [m[Ksteve_msgs/msg/detail/header__struct.h: No such file or directory
[2.224s]    22 | #include [01;31m[K"steve_msgs/msg/detail/header__struct.h"[m[K
[2.224s]       |          [01;31m[K^~~~~~~~~~~~~~~~~~~~~~~~~~~~~~~~~~~~~~~~[m[K
[2.224s] In file included from [01m[K/home/dj/MREN203/mren203-ws/build/steve_msgs/rosidl_generator_c/steve_msgs/msg/detail/set_points__functions.h:19[m[K,
[2.224s]                  from [01m[K/home/dj/MREN203/mren203-ws/build/steve_msgs/rosidl_generator_c/steve_msgs/msg/detail/set_points__functions.c:4[m[K:
[2.224s] [01m[K/home/dj/MREN203/mren203-ws/build/steve_msgs/rosidl_generator_c/steve_msgs/msg/detail/set_points__struct.h:22:10:[m[K [01;31m[Kfatal error: [m[Ksteve_msgs/msg/detail/header__struct.h: No such file or directory
[2.224s]    22 | #include [01;31m[K"steve_msgs/msg/detail/header__struct.h"[m[K
[2.224s]       |          [01;31m[K^~~~~~~~~~~~~~~~~~~~~~~~~~~~~~~~~~~~~~~~[m[K
[2.224s] compilation terminated.
[2.224s] compilation terminated.
[2.225s] gmake[2]: *** [CMakeFiles/steve_msgs__rosidl_generator_c.dir/build.make:151: CMakeFiles/steve_msgs__rosidl_generator_c.dir/rosidl_generator_c/steve_msgs/msg/detail/sensor_data__functions.c.o] Error 1
[2.225s] gmake[2]: *** Waiting for unfinished jobs....
[2.225s] gmake[2]: *** [CMakeFiles/steve_msgs__rosidl_generator_c.dir/build.make:165: CMakeFiles/steve_msgs__rosidl_generator_c.dir/rosidl_generator_c/steve_msgs/msg/detail/set_points__functions.c.o] Error 1
[2.230s] In file included from [01m[K/home/dj/MREN203/mren203-ws/build/steve_msgs/rosidl_generator_c/steve_msgs/msg/detail/control_ui__functions.h:19[m[K,
[2.231s]                  from [01m[K/home/dj/MREN203/mren203-ws/build/steve_msgs/rosidl_generator_c/steve_msgs/msg/detail/control_ui__functions.c:4[m[K:
[2.231s] [01m[K/home/dj/MREN203/mren203-ws/build/steve_msgs/rosidl_generator_c/steve_msgs/msg/detail/control_ui__struct.h:22:10:[m[K [01;31m[Kfatal error: [m[Ksteve_msgs/msg/detail/header__struct.h: No such file or directory
[2.231s]    22 | #include [01;31m[K"steve_msgs/msg/detail/header__struct.h"[m[K
[2.231s]       |          [01;31m[K^~~~~~~~~~~~~~~~~~~~~~~~~~~~~~~~~~~~~~~~[m[K
[2.231s] compilation terminated.
[2.232s] gmake[2]: *** [CMakeFiles/steve_msgs__rosidl_generator_c.dir/build.make:137: CMakeFiles/steve_msgs__rosidl_generator_c.dir/rosidl_generator_c/steve_msgs/msg/detail/control_ui__functions.c.o] Error 1
[2.232s] gmake[1]: *** [CMakeFiles/Makefile2:213: CMakeFiles/steve_msgs__rosidl_generator_c.dir/all] Error 2
[2.232s] gmake[1]: *** Waiting for unfinished jobs....
[2.394s] [ 23%] [32mBuilding CXX object CMakeFiles/steve_msgs__rosidl_typesupport_cpp.dir/rosidl_typesupport_cpp/steve_msgs/msg/set_points__type_support.cpp.o[0m
[2.395s] [ 23%] [32mBuilding CXX object CMakeFiles/steve_msgs__rosidl_typesupport_cpp.dir/rosidl_typesupport_cpp/steve_msgs/msg/control_ui__type_support.cpp.o[0m
[2.395s] [ 23%] [32mBuilding CXX object CMakeFiles/steve_msgs__rosidl_typesupport_cpp.dir/rosidl_typesupport_cpp/steve_msgs/msg/sensor_data__type_support.cpp.o[0m
[2.435s] [ 27%] [32mBuilding CXX object CMakeFiles/steve_msgs__rosidl_typesupport_introspection_cpp.dir/rosidl_typesupport_introspection_cpp/steve_msgs/msg/detail/set_points__type_support.cpp.o[0m
[2.435s] [ 27%] [32mBuilding CXX object CMakeFiles/steve_msgs__rosidl_typesupport_introspection_cpp.dir/rosidl_typesupport_introspection_cpp/steve_msgs/msg/detail/control_ui__type_support.cpp.o[0m
[2.436s] [ 29%] [32mBuilding CXX object CMakeFiles/steve_msgs__rosidl_typesupport_introspection_cpp.dir/rosidl_typesupport_introspection_cpp/steve_msgs/msg/detail/sensor_data__type_support.cpp.o[0m
[2.438s] In file included from [01m[K/home/dj/MREN203/mren203-ws/build/steve_msgs/rosidl_typesupport_cpp/steve_msgs/msg/sensor_data__type_support.cpp:7[m[K:
[2.438s] [01m[K/home/dj/MREN203/mren203-ws/build/steve_msgs/rosidl_generator_cpp/steve_msgs/msg/detail/sensor_data__struct.hpp:20:10:[m[K [01;31m[Kfatal error: [m[Ksteve_msgs/msg/detail/header__struct.hpp: No such file or directory
[2.438s]    20 | #include [01;31m[K"steve_msgs/msg/detail/header__struct.hpp"[m[K
[2.438s]       |          [01;31m[K^~~~~~~~~~~~~~~~~~~~~~~~~~~~~~~~~~~~~~~~~~[m[K
[2.438s] compilation terminated.
[2.439s] In file included from [01m[K/home/dj/MREN203/mren203-ws/build/steve_msgs/rosidl_typesupport_cpp/steve_msgs/msg/set_points__type_support.cpp:7[m[K:
[2.439s] [01m[K/home/dj/MREN203/mren203-ws/build/steve_msgs/rosidl_generator_cpp/steve_msgs/msg/detail/set_points__struct.hpp:20:10:[m[K [01;31m[Kfatal error: [m[Ksteve_msgs/msg/detail/header__struct.hpp: No such file or directory
[2.439s]    20 | #include [01;31m[K"steve_msgs/msg/detail/header__struct.hpp"[m[K
[2.439s]       |          [01;31m[K^~~~~~~~~~~~~~~~~~~~~~~~~~~~~~~~~~~~~~~~~~[m[K
[2.439s] compilation terminated.
[2.440s] In file included from [01m[K/home/dj/MREN203/mren203-ws/build/steve_msgs/rosidl_typesupport_cpp/steve_msgs/msg/control_ui__type_support.cpp:7[m[K:
[2.440s] [01m[K/home/dj/MREN203/mren203-ws/build/steve_msgs/rosidl_generator_cpp/steve_msgs/msg/detail/control_ui__struct.hpp:20:10:[m[K [01;31m[Kfatal error: [m[Ksteve_msgs/msg/detail/header__struct.hpp: No such file or directory
[2.440s]    20 | #include [01;31m[K"steve_msgs/msg/detail/header__struct.hpp"[m[K
[2.440s]       |          [01;31m[K^~~~~~~~~~~~~~~~~~~~~~~~~~~~~~~~~~~~~~~~~~[m[K
[2.440s] compilation terminated.
[2.441s] gmake[2]: *** [CMakeFiles/steve_msgs__rosidl_typesupport_cpp.dir/build.make:94: CMakeFiles/steve_msgs__rosidl_typesupport_cpp.dir/rosidl_typesupport_cpp/steve_msgs/msg/control_ui__type_support.cpp.o] Error 1
[2.441s] gmake[2]: *** Waiting for unfinished jobs....
[2.441s] gmake[2]: *** [CMakeFiles/steve_msgs__rosidl_typesupport_cpp.dir/build.make:108: CMakeFiles/steve_msgs__rosidl_typesupport_cpp.dir/rosidl_typesupport_cpp/steve_msgs/msg/sensor_data__type_support.cpp.o] Error 1
[2.442s] gmake[2]: *** [CMakeFiles/steve_msgs__rosidl_typesupport_cpp.dir/build.make:122: CMakeFiles/steve_msgs__rosidl_typesupport_cpp.dir/rosidl_typesupport_cpp/steve_msgs/msg/set_points__type_support.cpp.o] Error 1
[2.442s] gmake[1]: *** [CMakeFiles/Makefile2:395: CMakeFiles/steve_msgs__rosidl_typesupport_cpp.dir/all] Error 2
[2.455s] [ 36%] [32mBuilding CXX object CMakeFiles/steve_msgs__rosidl_typesupport_fastrtps_cpp.dir/rosidl_typesupport_fastrtps_cpp/steve_msgs/msg/detail/dds_fastrtps/set_points__type_support.cpp.o[0m
[2.455s] [ 36%] [32mBuilding CXX object CMakeFiles/steve_msgs__rosidl_typesupport_fastrtps_cpp.dir/rosidl_typesupport_fastrtps_cpp/steve_msgs/msg/detail/dds_fastrtps/sensor_data__type_support.cpp.o[0m
[2.455s] [ 36%] [32mBuilding CXX object CMakeFiles/steve_msgs__rosidl_typesupport_fastrtps_cpp.dir/rosidl_typesupport_fastrtps_cpp/steve_msgs/msg/detail/dds_fastrtps/control_ui__type_support.cpp.o[0m
[2.481s] In file included from [01m[K/home/dj/MREN203/mren203-ws/build/steve_msgs/rosidl_typesupport_introspection_cpp/steve_msgs/msg/detail/sensor_data__type_support.cpp:12[m[K:
[2.481s] [01m[K/home/dj/MREN203/mren203-ws/build/steve_msgs/rosidl_generator_cpp/steve_msgs/msg/detail/sensor_data__struct.hpp:20:10:[m[K [01;31m[Kfatal error: [m[Ksteve_msgs/msg/detail/header__struct.hpp: No such file or directory
[2.482s]    20 | #include [01;31m[K"steve_msgs/msg/detail/header__struct.hpp"[m[K
[2.482s]       |          [01;31m[K^~~~~~~~~~~~~~~~~~~~~~~~~~~~~~~~~~~~~~~~~~[m[K
[2.482s] compilation terminated.
[2.482s] In file included from [01m[K/home/dj/MREN203/mren203-ws/build/steve_msgs/rosidl_typesupport_introspection_cpp/steve_msgs/msg/detail/set_points__type_support.cpp:12[m[K:
[2.482s] [01m[K/home/dj/MREN203/mren203-ws/build/steve_msgs/rosidl_generator_cpp/steve_msgs/msg/detail/set_points__struct.hpp:20:10:[m[K [01;31m[Kfatal error: [m[Ksteve_msgs/msg/detail/header__struct.hpp: No such file or directory
[2.482s]    20 | #include [01;31m[K"steve_msgs/msg/detail/header__struct.hpp"[m[K
[2.482s]       |          [01;31m[K^~~~~~~~~~~~~~~~~~~~~~~~~~~~~~~~~~~~~~~~~~[m[K
[2.482s] compilation terminated.
[2.482s] In file included from [01m[K/home/dj/MREN203/mren203-ws/build/steve_msgs/rosidl_typesupport_introspection_cpp/steve_msgs/msg/detail/control_ui__type_support.cpp:12[m[K:
[2.482s] [01m[K/home/dj/MREN203/mren203-ws/build/steve_msgs/rosidl_generator_cpp/steve_msgs/msg/detail/control_ui__struct.hpp:20:10:[m[K [01;31m[Kfatal error: [m[Ksteve_msgs/msg/detail/header__struct.hpp: No such file or directory
[2.482s]    20 | #include [01;31m[K"steve_msgs/msg/detail/header__struct.hpp"[m[K
[2.482s]       |          [01;31m[K^~~~~~~~~~~~~~~~~~~~~~~~~~~~~~~~~~~~~~~~~~[m[K
[2.482s] compilation terminated.
[2.483s] gmake[2]: *** [CMakeFiles/steve_msgs__rosidl_typesupport_introspection_cpp.dir/build.make:105: CMakeFiles/steve_msgs__rosidl_typesupport_introspection_cpp.dir/rosidl_typesupport_introspection_cpp/steve_msgs/msg/detail/control_ui__type_support.cpp.o] Error 1
[2.483s] gmake[2]: *** Waiting for unfinished jobs....
[2.483s] gmake[2]: *** [CMakeFiles/steve_msgs__rosidl_typesupport_introspection_cpp.dir/build.make:119: CMakeFiles/steve_msgs__rosidl_typesupport_introspection_cpp.dir/rosidl_typesupport_introspection_cpp/steve_msgs/msg/detail/sensor_data__type_support.cpp.o] Error 1
[2.483s] gmake[2]: *** [CMakeFiles/steve_msgs__rosidl_typesupport_introspection_cpp.dir/build.make:133: CMakeFiles/steve_msgs__rosidl_typesupport_introspection_cpp.dir/rosidl_typesupport_introspection_cpp/steve_msgs/msg/detail/set_points__type_support.cpp.o] Error 1
[2.484s] gmake[1]: *** [CMakeFiles/Makefile2:369: CMakeFiles/steve_msgs__rosidl_typesupport_introspection_cpp.dir/all] Error 2
[2.498s] In file included from [01m[K/home/dj/MREN203/mren203-ws/build/steve_msgs/rosidl_typesupport_fastrtps_cpp/steve_msgs/msg/detail/control_ui__rosidl_typesupport_fastrtps_cpp.hpp:11[m[K,
[2.498s]                  from [01m[K/home/dj/MREN203/mren203-ws/build/steve_msgs/rosidl_typesupport_fastrtps_cpp/steve_msgs/msg/detail/dds_fastrtps/control_ui__type_support.cpp:4[m[K:
[2.498s] [01m[K/home/dj/MREN203/mren203-ws/build/steve_msgs/rosidl_generator_cpp/steve_msgs/msg/detail/control_ui__struct.hpp:20:10:[m[K [01;31m[Kfatal error: [m[Ksteve_msgs/msg/detail/header__struct.hpp: No such file or directory
[2.498s]    20 | #include [01;31m[K"steve_msgs/msg/detail/header__struct.hpp"[m[K
[2.498s]       |          [01;31m[K^~~~~~~~~~~~~~~~~~~~~~~~~~~~~~~~~~~~~~~~~~[m[K
[2.498s] compilation terminated.
[2.498s] In file included from [01m[K/home/dj/MREN203/mren203-ws/build/steve_msgs/rosidl_typesupport_fastrtps_cpp/steve_msgs/msg/detail/sensor_data__rosidl_typesupport_fastrtps_cpp.hpp:11[m[K,
[2.498s]                  from [01m[K/home/dj/MREN203/mren203-ws/build/steve_msgs/rosidl_typesupport_fastrtps_cpp/steve_msgs/msg/detail/dds_fastrtps/sensor_data__type_support.cpp:4[m[K:
[2.498s] [01m[K/home/dj/MREN203/mren203-ws/build/steve_msgs/rosidl_generator_cpp/steve_msgs/msg/detail/sensor_data__struct.hpp:20:10:[m[K [01;31m[Kfatal error: [m[Ksteve_msgs/msg/detail/header__struct.hpp: No such file or directory
[2.498s]    20 | #include [01;31m[K"steve_msgs/msg/detail/header__struct.hpp"[m[K
[2.498s]       |          [01;31m[K^~~~~~~~~~~~~~~~~~~~~~~~~~~~~~~~~~~~~~~~~~[m[K
[2.499s] compilation terminated.
[2.499s] In file included from [01m[K/home/dj/MREN203/mren203-ws/build/steve_msgs/rosidl_typesupport_fastrtps_cpp/steve_msgs/msg/detail/set_points__rosidl_typesupport_fastrtps_cpp.hpp:11[m[K,
[2.499s]                  from [01m[K/home/dj/MREN203/mren203-ws/build/steve_msgs/rosidl_typesupport_fastrtps_cpp/steve_msgs/msg/detail/dds_fastrtps/set_points__type_support.cpp:4[m[K:
[2.499s] [01m[K/home/dj/MREN203/mren203-ws/build/steve_msgs/rosidl_generator_cpp/steve_msgs/msg/detail/set_points__struct.hpp:20:10:[m[K [01;31m[Kfatal error: [m[Ksteve_msgs/msg/detail/header__struct.hpp: No such file or directory
[2.499s]    20 | #include [01;31m[K"steve_msgs/msg/detail/header__struct.hpp"[m[K
[2.499s]       |          [01;31m[K^~~~~~~~~~~~~~~~~~~~~~~~~~~~~~~~~~~~~~~~~~[m[K
[2.499s] compilation terminated.
[2.499s] gmake[2]: *** [CMakeFiles/steve_msgs__rosidl_typesupport_fastrtps_cpp.dir/build.make:105: CMakeFiles/steve_msgs__rosidl_typesupport_fastrtps_cpp.dir/rosidl_typesupport_fastrtps_cpp/steve_msgs/msg/detail/dds_fastrtps/control_ui__type_support.cpp.o] Error 1
[2.499s] gmake[2]: *** Waiting for unfinished jobs....
[2.499s] gmake[2]: *** [CMakeFiles/steve_msgs__rosidl_typesupport_fastrtps_cpp.dir/build.make:119: CMakeFiles/steve_msgs__rosidl_typesupport_fastrtps_cpp.dir/rosidl_typesupport_fastrtps_cpp/steve_msgs/msg/detail/dds_fastrtps/sensor_data__type_support.cpp.o] Error 1
[2.499s] gmake[2]: *** [CMakeFiles/steve_msgs__rosidl_typesupport_fastrtps_cpp.dir/build.make:133: CMakeFiles/steve_msgs__rosidl_typesupport_fastrtps_cpp.dir/rosidl_typesupport_fastrtps_cpp/steve_msgs/msg/detail/dds_fastrtps/set_points__type_support.cpp.o] Error 1
[2.499s] gmake[1]: *** [CMakeFiles/Makefile2:343: CMakeFiles/steve_msgs__rosidl_typesupport_fastrtps_cpp.dir/all] Error 2
[2.499s] gmake: *** [Makefile:146: all] Error 2
[2.502s] Invoked command in '/home/dj/MREN203/mren203-ws/build/steve_msgs' returned '2': CMAKE_PREFIX_PATH=/opt/ros/humble /usr/bin/cmake --build /home/dj/MREN203/mren203-ws/build/steve_msgs -- -j16 -l16
